<?xml version="1.0" encoding="UTF-8"?>
<!-- Generated by org.testng.reporters.JUnitXMLReporter -->
<testsuite ignored="0" hostname="LAPTOP-CTDUKSGB" failures="0" tests="4" name="Tc" time="41.687" errors="0" timestamp="2021-02-28T10:20:42 IST">
  <testcase classname="demoProject.UsernameCorrect" name="passwordIswrong" time="11.236"/>
  <testcase classname="demoProject.PasswordCorrect" name="usernameIswrong" time="8.683"/>
  <testcase classname="demoProject.BothInCorrect" name="bothAreCorrect" time="13.984"/>
  <testcase classname="demoProject.BothWrong" name="bothAreWrong" time="7.71"/>
</testsuite> <!-- Tc -->
