<?xml version="1.0" encoding="UTF-8"?>
<!-- Generated by org.testng.reporters.JUnitXMLReporter -->
<testsuite ignored="0" hostname="LAPTOP-CTDUKSGB" failures="0" tests="4" name="Default test" time="13.673" errors="0" timestamp="2021-03-01T10:52:01 IST">
  <testcase classname="demoProject.JmlExcel" name="LoginValidate" time="1.395"/>
  <testcase classname="demoProject.JmlExcel" name="LoginValidate" time="1.254"/>
  <testcase classname="demoProject.JmlExcel" name="LoginValidate" time="1.249"/>
  <testcase classname="demoProject.JmlExcel" name="LoginValidate" time="0.881"/>
</testsuite> <!-- Default test -->
